Failed to load resource: the server responded with a status of 404 ()
Failed to load resource: the server responded with a status of 404 ()
Failed to load resource: the server responded with a status of 404 ()
Firebase core services initialized (messaging will be initialized when needed)
Firebase initialized successfully
Firebase messaging not initialized, skipping message listener
Firebase core services initialized (messaging will be initialized when needed)
Firebase initialized successfully
Firebase messaging not initialized, skipping message listener
Firebase core services initialized (messaging will be initialized when needed)
Firebase initialized successfully
Firebase messaging not initialized, skipping message listener
Authentication timeout - forcing loading to false
Handling role-based routing for user: dispatcher at path: /company-login/
Firebase messaging initialized lazily
Firebase Messaging Service Worker registered: JSHandle@object
🔍 UNIFIED: COORDINATE SYNC CHECK: JSHandle@object
🔍 UNIFIED: COORDINATE SYNC CHECK: JSHandle@object
🔥 IMPORT LOG MODAL - Not loading: JSHandle@object
🔥 ALTICE REPEATS - useEffect: Modal state changed, isOpen: false
🔥 ALTICE REPEATS - useEffect: Modal closed, resetting all state
🔍 Techs loaded (initial): 25
🔍 Techs loaded (initial): 25
🔍 Techs updated (real-time): 25
🔍 Jobs loaded (initial): JSHandle@object
🔍 Jobs loaded (initial): JSHandle@object
🔍 Jobs loaded (initial): JSHandle@object
🔍 Jobs loaded (initial): JSHandle@object
🔍 Jobs updated (real-time): JSHandle@object
🔍 UNIFIED: COORDINATE SYNC CHECK: JSHandle@object
🔍 UNIFIED: COORDINATE SYNC CHECK: JSHandle@object
🔥 IMPORT LOG MODAL - Not loading: JSHandle@object
🔥 ALTICE REPEATS - useEffect: Modal state changed, isOpen: false
🔥 ALTICE REPEATS - useEffect: Modal closed, resetting all state
🔍 Techs loaded (initial): 25
🔍 Techs loaded (initial): 25
🔍 Techs updated (real-time): 25
🔍 Jobs loaded (initial): JSHandle@object
🔍 Jobs loaded (initial): JSHandle@object
🔍 Jobs loaded (initial): JSHandle@object
🔍 Jobs loaded (initial): JSHandle@object
🔍 Jobs updated (real-time): JSHandle@object
🔍 UNIFIED: COORDINATE SYNC CHECK: JSHandle@object
🔍 UNIFIED: COORDINATE SYNC CHECK: JSHandle@object
🔥 IMPORT LOG MODAL - Not loading: JSHandle@object
🔥 ALTICE REPEATS - useEffect: Modal state changed, isOpen: false
🔥 ALTICE REPEATS - useEffect: Modal closed, resetting all state
🔍 Techs loaded (initial): 25
🔍 Techs loaded (initial): 25
🔍 Techs updated (real-time): 25
🔍 Jobs loaded (initial): JSHandle@object
🔍 Jobs loaded (initial): JSHandle@object
🔍 Jobs loaded (initial): JSHandle@object
🔍 Jobs loaded (initial): JSHandle@object
🔍 Jobs updated (real-time): JSHandle@object
🔍 UNIFIED: COORDINATE SYNC CHECK: JSHandle@object
🔍 UNIFIED: COORDINATE SYNC CHECK: JSHandle@object
🔥 IMPORT LOG MODAL - Not loading: JSHandle@object
🔥 ALTICE REPEATS - useEffect: Modal state changed, isOpen: false
🔥 ALTICE REPEATS - useEffect: Modal closed, resetting all state
🔍 Techs loaded (initial): 25
🔍 Techs loaded (initial): 25
🔍 Techs updated (real-time): 25
🔍 Jobs loaded (initial): JSHandle@object
🔍 Jobs loaded (initial): JSHandle@object
🔍 Jobs loaded (initial): JSHandle@object
🔍 Jobs loaded (initial): JSHandle@object
🔍 Jobs updated (real-time): JSHandle@object
🔍 UNIFIED: COORDINATE SYNC CHECK: JSHandle@object
🔍 UNIFIED: COORDINATE SYNC CHECK: JSHandle@object
🔥 IMPORT LOG MODAL - Not loading: JSHandle@object
🔥 ALTICE REPEATS - useEffect: Modal state changed, isOpen: false
🔥 ALTICE REPEATS - useEffect: Modal closed, resetting all state
🔍 Techs loaded (initial): 25
🔍 Techs loaded (initial): 25
🔍 Techs updated (real-time): 25
🔍 Jobs loaded (initial): JSHandle@object
🔍 Jobs loaded (initial): JSHandle@object
🔍 Jobs loaded (initial): JSHandle@object
🔍 Jobs loaded (initial): JSHandle@object
🔍 Jobs updated (real-time): JSHandle@object
🔍 UNIFIED: COORDINATE SYNC CHECK: JSHandle@object
🔍 UNIFIED: COORDINATE SYNC CHECK: JSHandle@object
🔥 IMPORT LOG MODAL - Not loading: JSHandle@object
🔥 ALTICE REPEATS - useEffect: Modal state changed, isOpen: false
🔥 ALTICE REPEATS - useEffect: Modal closed, resetting all state
🔍 Techs loaded (initial): 25
🔍 Techs loaded (initial): 25
🔍 Techs updated (real-time): 25
🔍 Jobs loaded (initial): JSHandle@object
🔍 Jobs loaded (initial): JSHandle@object
🔍 Jobs loaded (initial): JSHandle@object
🔍 Jobs loaded (initial): JSHandle@object
🔍 Jobs updated (real-time): JSHandle@object
🔍 UNIFIED: COORDINATE SYNC CHECK: JSHandle@object
🔍 UNIFIED: COORDINATE SYNC CHECK: JSHandle@object
🔥 IMPORT LOG MODAL - Not loading: JSHandle@object
🔥 ALTICE REPEATS - useEffect: Modal state changed, isOpen: false
🔥 ALTICE REPEATS - useEffect: Modal closed, resetting all state
🔍 Techs loaded (initial): 25
🔍 Techs loaded (initial): 25
🔍 Techs updated (real-time): 25
🔍 Jobs loaded (initial): JSHandle@object
🔍 Jobs loaded (initial): JSHandle@object
🔍 Jobs loaded (initial): JSHandle@object
🔍 Jobs loaded (initial): JSHandle@object
🔍 Jobs updated (real-time): JSHandle@object
🔍 UNIFIED: COORDINATE SYNC CHECK: JSHandle@object
🔍 UNIFIED: COORDINATE SYNC CHECK: JSHandle@object
🔥 IMPORT LOG MODAL - Not loading: JSHandle@object
🔥 ALTICE REPEATS - useEffect: Modal state changed, isOpen: false
🔥 ALTICE REPEATS - useEffect: Modal closed, resetting all state
🔍 Techs loaded (initial): 25
🔍 Techs loaded (initial): 25
🔍 Techs updated (real-time): 25
🔍 Jobs loaded (initial): JSHandle@object
🔍 Jobs loaded (initial): JSHandle@object
🔍 Jobs loaded (initial): JSHandle@object
🔍 Jobs loaded (initial): JSHandle@object
🔍 Jobs updated (real-time): JSHandle@object
🔍 UNIFIED: COORDINATE SYNC CHECK: JSHandle@object
🔍 UNIFIED: COORDINATE SYNC CHECK: JSHandle@object
🔥 IMPORT LOG MODAL - Not loading: JSHandle@object
🔥 ALTICE REPEATS - useEffect: Modal state changed, isOpen: false
🔥 ALTICE REPEATS - useEffect: Modal closed, resetting all state
🔍 Techs loaded (initial): 25
🔍 Techs loaded (initial): 25
🔍 Techs updated (real-time): 25
🔍 Jobs loaded (initial): JSHandle@object
🔍 Jobs loaded (initial): JSHandle@object
🔍 Jobs loaded (initial): JSHandle@object
🔍 Jobs loaded (initial): JSHandle@object
🔍 Jobs updated (real-time): JSHandle@object
🔍 UNIFIED: COORDINATE SYNC CHECK: JSHandle@object
🔍 UNIFIED: COORDINATE SYNC CHECK: JSHandle@object
🔥 IMPORT LOG MODAL - Not loading: JSHandle@object
🔥 ALTICE REPEATS - useEffect: Modal state changed, isOpen: false
🔥 ALTICE REPEATS - useEffect: Modal closed, resetting all state
🔍 Techs loaded (initial): 25
🔍 Techs loaded (initial): 25
🔍 Techs updated (real-time): 25
🔍 Jobs loaded (initial): JSHandle@object
🔍 Jobs loaded (initial): JSHandle@object
🔍 Jobs loaded (initial): JSHandle@object
🔍 Jobs loaded (initial): JSHandle@object
🔍 Jobs updated (real-time): JSHandle@object
🔍 Provider Detection (Manage Mode): JSHandle@object
📍 ADDRESS VALIDATION CALLED: JSHandle@object
🔍 UNIFIED: COORDINATE SYNC CHECK: JSHandle@object
🔍 Job updated (specific document): 07836160078
🔍 GEOCODING REQUEST: JSHandle@object
media tab selected, loading logs for job: 07836160078
Loading audit logs for job: JSHandle@object
Setting up real-time audit log listener for media tab, job: 07836160078
📍 ADDRESS VALIDATION CALLED: JSHandle@object
🔍 UNIFIED: COORDINATE SYNC CHECK: JSHandle@object
Retrieved audit logs from job document: 2 JSHandle@array
Real-time audit logs update: 2 logs
🌍 GEOCODING SUCCESS: JSHandle@object
✅ ADDRESS VALIDATION RESULT: JSHandle@object
🔍 UNIFIED: COORDINATE SYNC CHECK: JSHandle@object
✅ UNIFIED: COPYING COORDINATES to editForm: JSHandle@array
🔍 GEOCODING REQUEST: JSHandle@object
📋 USING CACHED RESULT: JSHandle@object
✅ ADDRESS VALIDATION RESULT: JSHandle@object
🔍 Audit log originalTechNumber: 4856 newTechNumber: 
Cleaning up audit log listener
audit tab selected, loading logs for job: 07836160078
Loading audit logs for job: JSHandle@object
Setting up real-time audit log listener for audit tab, job: 07836160078
📍 ADDRESS VALIDATION CALLED: JSHandle@object
🔍 UNIFIED: COORDINATE SYNC CHECK: JSHandle@object
✅ UNIFIED: COPYING COORDINATES to editForm: JSHandle@array
Retrieved audit logs from job document: 2 JSHandle@array
Real-time audit logs update: 2 logs
🔍 Audit log originalTechNumber: 4856 newTechNumber: 
🔍 GEOCODING REQUEST: JSHandle@object
📋 USING CACHED RESULT: JSHandle@object
✅ ADDRESS VALIDATION RESULT: JSHandle@object
🔍 Audit log originalTechNumber: 4856 newTechNumber: 
Cleaning up audit log listener
📍 ADDRESS VALIDATION CALLED: JSHandle@object
🔍 UNIFIED: COORDINATE SYNC CHECK: JSHandle@object
✅ UNIFIED: COPYING COORDINATES to editForm: JSHandle@array
🔍 GEOCODING REQUEST: JSHandle@object
📋 USING CACHED RESULT: JSHandle@object
✅ ADDRESS VALIDATION RESULT: JSHandle@object
📍 ADDRESS VALIDATION CALLED: JSHandle@object
🔍 UNIFIED: COORDINATE SYNC CHECK: JSHandle@object
✅ UNIFIED: COPYING COORDINATES to editForm: JSHandle@array
🔍 GEOCODING REQUEST: JSHandle@object
📋 USING CACHED RESULT: JSHandle@object
✅ ADDRESS VALIDATION RESULT: JSHandle@object
🔍 Provider Detection (Create Mode): JSHandle@object
🔍 Techs updated (real-time): 25
🔍 Provider Detection (Manage Mode): JSHandle@object
🔍 Jobs loaded (initial): JSHandle@object
🔍 Jobs updated (real-time): JSHandle@object
🔍 Techs updated (real-time): 25
🔍 Provider Detection (Manage Mode): JSHandle@object
🔍 Provider Detection (Manage Mode): JSHandle@object
🔍 UNIFIED: COORDINATE SYNC CHECK: JSHandle@object
🔍 UNIFIED: COORDINATE SYNC CHECK: JSHandle@object
🔥 IMPORT LOG MODAL - Not loading: JSHandle@object
🔥 ALTICE REPEATS - useEffect: Modal state changed, isOpen: false
🔥 ALTICE REPEATS - useEffect: Modal closed, resetting all state
🔍 Techs loaded (initial): 25
🔍 Techs loaded (initial): 25
🔍 Techs updated (real-time): 25
🔍 Job updated (specific document): 07836160078
🔍 Jobs loaded (initial): JSHandle@object
🔍 Jobs loaded (initial): JSHandle@object
🔍 Jobs loaded (initial): JSHandle@object
🔍 Jobs loaded (initial): JSHandle@object
🔍 Jobs loaded (initial): JSHandle@object
🔍 Jobs updated (real-time): JSHandle@object
🔍 UNIFIED: COORDINATE SYNC CHECK: JSHandle@object
🔍 UNIFIED: COORDINATE SYNC CHECK: JSHandle@object
🔍 Techs loaded (initial): 25
🔍 Techs loaded (initial): 25
🔍 Techs updated (real-time): 25
🔍 Jobs loaded (initial): JSHandle@object
🔍 Archived jobs loaded (initial): 0
🔍 Jobs loaded (initial): JSHandle@object
🔍 Loading jobs for company: JEIbrP1ffnbMcequo1Oqk1WWslA2 date: 2025-11-30 user role: dispatcher tech number: 
🔍 View as List - Job date filtering: JSHandle@object
🔍 View as List - Full job data: JSHandle@object
❌ View as List - Skipping job due to date mismatch: 07836015626
🔍 View as List - Job date filtering: JSHandle@object
🔍 View as List - Full job data: JSHandle@object
❌ View as List - Skipping job due to date mismatch: 07836632698
🔍 View as List - Job date filtering: JSHandle@object
🔍 View as List - Full job data: JSHandle@object
❌ View as List - Skipping job due to date mismatch: 07836455881
🔍 View as List - Job date filtering: JSHandle@object
🔍 View as List - Full job data: JSHandle@object
❌ View as List - Skipping job due to date mismatch: 07836028279
🔍 View as List - Job date filtering: JSHandle@object
🔍 View as List - Full job data: JSHandle@object
❌ View as List - Skipping job due to date mismatch: 07836831121
🔍 View as List - Job date filtering: JSHandle@object
🔍 View as List - Full job data: JSHandle@object
❌ View as List - Skipping job due to date mismatch: 07836599097
🔍 View as List - Job date filtering: JSHandle@object
🔍 View as List - Full job data: JSHandle@object
❌ View as List - Skipping job due to date mismatch: 07836880252
🔍 View as List - Job date filtering: JSHandle@object
🔍 View as List - Full job data: JSHandle@object
❌ View as List - Skipping job due to date mismatch: 07837721256
🔍 View as List - Job date filtering: JSHandle@object
🔍 View as List - Full job data: JSHandle@object
❌ View as List - Skipping job due to date mismatch: 07836134087
🔍 View as List - Job date filtering: JSHandle@object
🔍 View as List - Full job data: JSHandle@object
❌ View as List - Skipping job due to date mismatch: 07836226788
🔍 View as List - Job date filtering: JSHandle@object
🔍 View as List - Full job data: JSHandle@object
❌ View as List - Skipping job due to date mismatch: 07801769438
🔍 View as List - Job date filtering: JSHandle@object
🔍 View as List - Full job data: JSHandle@object
❌ View as List - Skipping job due to date mismatch: 07836755551
🔍 View as List - Job date filtering: JSHandle@object
🔍 View as List - Full job data: JSHandle@object
❌ View as List - Skipping job due to date mismatch: 07836430300
🔍 View as List - Job date filtering: JSHandle@object
🔍 View as List - Full job data: JSHandle@object
❌ View as List - Skipping job due to date mismatch: 07836022587
🔍 View as List - Job date filtering: JSHandle@object
🔍 View as List - Full job data: JSHandle@object
❌ View as List - Skipping job due to date mismatch: 07836513584
🔍 View as List - Job date filtering: JSHandle@object
🔍 View as List - Full job data: JSHandle@object
❌ View as List - Skipping job due to date mismatch: 07836679957
🔍 View as List - Job date filtering: JSHandle@object
🔍 View as List - Full job data: JSHandle@object
❌ View as List - Skipping job due to date mismatch: 07836259599
🔍 View as List - Job date filtering: JSHandle@object
🔍 View as List - Full job data: JSHandle@object
❌ View as List - Skipping job due to date mismatch: 07836112426
🔍 View as List - Job date filtering: JSHandle@object
🔍 View as List - Full job data: JSHandle@object
❌ View as List - Skipping job due to date mismatch: 07836038871
🔍 View as List - Job date filtering: JSHandle@object
🔍 View as List - Full job data: JSHandle@object
❌ View as List - Skipping job due to date mismatch: 07836954279
🔍 View as List - Job date filtering: JSHandle@object
🔍 View as List - Full job data: JSHandle@object
❌ View as List - Skipping job due to date mismatch: 07836150919
🔍 View as List - Job date filtering: JSHandle@object
🔍 View as List - Full job data: JSHandle@object
❌ View as List - Skipping job due to date mismatch: 07836917206
🔍 View as List - Job date filtering: JSHandle@object
🔍 View as List - Full job data: JSHandle@object
❌ View as List - Skipping job due to date mismatch: 07836121681
🔍 View as List - Job date filtering: JSHandle@object
🔍 View as List - Full job data: JSHandle@object
❌ View as List - Skipping job due to date mismatch: 07836169781
🔍 View as List - Job date filtering: JSHandle@object
🔍 View as List - Full job data: JSHandle@object
❌ View as List - Skipping job due to date mismatch: 07836613505
🔍 View as List - Job date filtering: JSHandle@object
🔍 View as List - Full job data: JSHandle@object
❌ View as List - Skipping job due to date mismatch: 07836636354
🔍 View as List - Job date filtering: JSHandle@object
🔍 View as List - Full job data: JSHandle@object
❌ View as List - Skipping job due to date mismatch: 07836450131
🔍 View as List - Job date filtering: JSHandle@object
🔍 View as List - Full job data: JSHandle@object
❌ View as List - Skipping job due to date mismatch: 07836493781
🔍 View as List - Job date filtering: JSHandle@object
🔍 View as List - Full job data: JSHandle@object
❌ View as List - Skipping job due to date mismatch: 07836598504
🔍 View as List - Job date filtering: JSHandle@object
🔍 View as List - Full job data: JSHandle@object
❌ View as List - Skipping job due to date mismatch: 07836665825
🔍 View as List - Job date filtering: JSHandle@object
🔍 View as List - Full job data: JSHandle@object
❌ View as List - Skipping job due to date mismatch: 07836598804
🔍 View as List - Job date filtering: JSHandle@object
🔍 View as List - Full job data: JSHandle@object
❌ View as List - Skipping job due to date mismatch: 07836520561
🔍 View as List - Job date filtering: JSHandle@object
🔍 View as List - Full job data: JSHandle@object
❌ View as List - Skipping job due to date mismatch: 07836755709
🔍 View as List - Job date filtering: JSHandle@object
🔍 View as List - Full job data: JSHandle@object
❌ View as List - Skipping job due to date mismatch: 07836186582
🔍 View as List - Job date filtering: JSHandle@object
🔍 View as List - Full job data: JSHandle@object
❌ View as List - Skipping job due to date mismatch: 07836118358
🔍 View as List - Job date filtering: JSHandle@object
🔍 View as List - Full job data: JSHandle@object
❌ View as List - Skipping job due to date mismatch: 07836243483
🔍 View as List - Job date filtering: JSHandle@object
🔍 View as List - Full job data: JSHandle@object
❌ View as List - Skipping job due to date mismatch: 07836058795
🔍 View as List - Job date filtering: JSHandle@object
🔍 View as List - Full job data: JSHandle@object
❌ View as List - Skipping job due to date mismatch: 07836126026
🔍 View as List - Job date filtering: JSHandle@object
🔍 View as List - Full job data: JSHandle@object
❌ View as List - Skipping job due to date mismatch: 07836894672
🔍 View as List - Job date filtering: JSHandle@object
🔍 View as List - Full job data: JSHandle@object
❌ View as List - Skipping job due to date mismatch: 07836127219
🔍 View as List - Job date filtering: JSHandle@object
🔍 View as List - Full job data: JSHandle@object
❌ View as List - Skipping job due to date mismatch: 07836812990
🔍 View as List - Job date filtering: JSHandle@object
🔍 View as List - Full job data: JSHandle@object
❌ View as List - Skipping job due to date mismatch: 07836590291
🔍 View as List - Job date filtering: JSHandle@object
🔍 View as List - Full job data: JSHandle@object
❌ View as List - Skipping job due to date mismatch: 07836085154
🔍 View as List - Job date filtering: JSHandle@object
🔍 View as List - Full job data: JSHandle@object
❌ View as List - Skipping job due to date mismatch: 07836945840
🔍 View as List - Job date filtering: JSHandle@object
🔍 View as List - Full job data: JSHandle@object
❌ View as List - Skipping job due to date mismatch: 07836596784
🔍 View as List - Job date filtering: JSHandle@object
🔍 View as List - Full job data: JSHandle@object
❌ View as List - Skipping job due to date mismatch: 07836517689
🔍 View as List - Job date filtering: JSHandle@object
🔍 View as List - Full job data: JSHandle@object
❌ View as List - Skipping job due to date mismatch: 07836092008
🔍 View as List - Job date filtering: JSHandle@object
🔍 View as List - Full job data: JSHandle@object
❌ View as List - Skipping job due to date mismatch: 07858499601
🔍 View as List - Job date filtering: JSHandle@object
🔍 View as List - Full job data: JSHandle@object
❌ View as List - Skipping job due to date mismatch: 07858791761
🔍 View as List - Job date filtering: JSHandle@object
🔍 View as List - Full job data: JSHandle@object
❌ View as List - Skipping job due to date mismatch: 07858582796
🔍 View as List - Job date filtering: JSHandle@object
🔍 View as List - Full job data: JSHandle@object
❌ View as List - Skipping job due to date mismatch: 07836897095
🔍 View as List - Job date filtering: JSHandle@object
🔍 View as List - Full job data: JSHandle@object
❌ View as List - Skipping job due to date mismatch: 07836650323
🔍 View as List - Job date filtering: JSHandle@object
🔍 View as List - Full job data: JSHandle@object
❌ View as List - Skipping job due to date mismatch: 07836225941
🔍 View as List - Job date filtering: JSHandle@object
🔍 View as List - Full job data: JSHandle@object
❌ View as List - Skipping job due to date mismatch: 07836430693
🔍 View as List - Job date filtering: JSHandle@object
🔍 View as List - Full job data: JSHandle@object
❌ View as List - Skipping job due to date mismatch: 07836959961
🔍 View as List - Job date filtering: JSHandle@object
🔍 View as List - Full job data: JSHandle@object
❌ View as List - Skipping job due to date mismatch: 07836193020
🔍 View as List - Job date filtering: JSHandle@object
🔍 View as List - Full job data: JSHandle@object
❌ View as List - Skipping job due to date mismatch: 07836582791
🔍 View as List - Job date filtering: JSHandle@object
🔍 View as List - Full job data: JSHandle@object
❌ View as List - Skipping job due to date mismatch: 07836439632
🔍 View as List - Job date filtering: JSHandle@object
🔍 View as List - Full job data: JSHandle@object
❌ View as List - Skipping job due to date mismatch: 07836564290
🔍 View as List - Job date filtering: JSHandle@object
🔍 View as List - Full job data: JSHandle@object
❌ View as List - Skipping job due to date mismatch: 07836440574
🔍 View as List - Job date filtering: JSHandle@object
🔍 View as List - Full job data: JSHandle@object
❌ View as List - Skipping job due to date mismatch: 07836681735
🔍 View as List - Job date filtering: JSHandle@object
🔍 View as List - Full job data: JSHandle@object
❌ View as List - Skipping job due to date mismatch: 07836483068
🔍 View as List - Job date filtering: JSHandle@object
🔍 View as List - Full job data: JSHandle@object
❌ View as List - Skipping job due to date mismatch: 07836264802
🔍 View as List - Job date filtering: JSHandle@object
🔍 View as List - Full job data: JSHandle@object
❌ View as List - Skipping job due to date mismatch: 07836334311
🔍 View as List - Job date filtering: JSHandle@object
🔍 View as List - Full job data: JSHandle@object
❌ View as List - Skipping job due to date mismatch: 07836522591
🔍 View as List - Job date filtering: JSHandle@object
🔍 View as List - Full job data: JSHandle@object
❌ View as List - Skipping job due to date mismatch: 07836749634
🔍 View as List - Job date filtering: JSHandle@object
🔍 View as List - Full job data: JSHandle@object
❌ View as List - Skipping job due to date mismatch: 07836177117
🔍 View as List - Job date filtering: JSHandle@object
🔍 View as List - Full job data: JSHandle@object
❌ View as List - Skipping job due to date mismatch: 07836503045
🔍 View as List - Job date filtering: JSHandle@object
🔍 View as List - Full job data: JSHandle@object
❌ View as List - Skipping job due to date mismatch: 07836007821
🔍 View as List - Job date filtering: JSHandle@object
🔍 View as List - Full job data: JSHandle@object
❌ View as List - Skipping job due to date mismatch: 07836515417
🔍 View as List - Job date filtering: JSHandle@object
🔍 View as List - Full job data: JSHandle@object
❌ View as List - Skipping job due to date mismatch: 07836377711
🔍 View as List - Job date filtering: JSHandle@object
🔍 View as List - Full job data: JSHandle@object
❌ View as List - Skipping job due to date mismatch: 07836928217
🔍 View as List - Job date filtering: JSHandle@object
🔍 View as List - Full job data: JSHandle@object
❌ View as List - Skipping job due to date mismatch: 07836526624
🔍 View as List - Job date filtering: JSHandle@object
🔍 View as List - Full job data: JSHandle@object
❌ View as List - Skipping job due to date mismatch: 07836515737
🔍 View as List - Job date filtering: JSHandle@object
🔍 View as List - Full job data: JSHandle@object
❌ View as List - Skipping job due to date mismatch: 07836862613
🔍 View as List - Job date filtering: JSHandle@object
🔍 View as List - Full job data: JSHandle@object
❌ View as List - Skipping job due to date mismatch: 07836010942
🔍 View as List - Job date filtering: JSHandle@object
🔍 View as List - Full job data: JSHandle@object
❌ View as List - Skipping job due to date mismatch: 07836065418
🔍 View as List - Job date filtering: JSHandle@object
🔍 View as List - Full job data: JSHandle@object
❌ View as List - Skipping job due to date mismatch: 07836018257
🔍 View as List - Job date filtering: JSHandle@object
🔍 View as List - Full job data: JSHandle@object
❌ View as List - Skipping job due to date mismatch: 07836732985
🔍 View as List - Job date filtering: JSHandle@object
🔍 View as List - Full job data: JSHandle@object
❌ View as List - Skipping job due to date mismatch: 07836037090
🔍 View as List - Job date filtering: JSHandle@object
🔍 View as List - Full job data: JSHandle@object
❌ View as List - Skipping job due to date mismatch: 07836566959
✅ Jobs loaded successfully: JSHandle@object
🔍 getFilteredArchivesPaginatedComprehensive called with: JSHandle@object
📊 Query with orderBy created, trying to get documents...
📊 Executing Firestore query...
🔍 todays-routes isRepeatJob function called with job: JSHandle@object
❌ todays-routes No repeat job detected
🔍 Repeat check for job: JSHandle@object
🔍 todays-routes isRepeatJob function called with job: JSHandle@object
❌ todays-routes No repeat job detected
🔍 Repeat check for job: JSHandle@object
🔍 todays-routes isRepeatJob function called with job: JSHandle@object
❌ todays-routes No repeat job detected
🔍 Repeat check for job: JSHandle@object
🔍 todays-routes isRepeatJob function called with job: JSHandle@object
❌ todays-routes No repeat job detected
🔍 Repeat check for job: JSHandle@object
🔍 todays-routes isRepeatJob function called with job: JSHandle@object
❌ todays-routes No repeat job detected
🔍 Repeat check for job: JSHandle@object
🔍 todays-routes isRepeatJob function called with job: JSHandle@object
❌ todays-routes No repeat job detected
🔍 Repeat check for job: JSHandle@object
🔍 todays-routes isRepeatJob function called with job: JSHandle@object
❌ todays-routes No repeat job detected
🔍 Repeat check for job: JSHandle@object
🔍 todays-routes isRepeatJob function called with job: JSHandle@object
❌ todays-routes No repeat job detected
🔍 Repeat check for job: JSHandle@object
🔍 todays-routes isRepeatJob function called with job: JSHandle@object
❌ todays-routes No repeat job detected
🔍 Repeat check for job: JSHandle@object
🔍 todays-routes isRepeatJob function called with job: JSHandle@object
❌ todays-routes No repeat job detected
🔍 Repeat check for job: JSHandle@object
🔍 todays-routes isRepeatJob function called with job: JSHandle@object
❌ todays-routes No repeat job detected
🔍 Repeat check for job: JSHandle@object
🔍 todays-routes isRepeatJob function called with job: JSHandle@object
❌ todays-routes No repeat job detected
🔍 Repeat check for job: JSHandle@object
🔍 todays-routes isRepeatJob function called with job: JSHandle@object
❌ todays-routes No repeat job detected
🔍 Repeat check for job: JSHandle@object
🔍 todays-routes isRepeatJob function called with job: JSHandle@object
❌ todays-routes No repeat job detected
🔍 Repeat check for job: JSHandle@object
🔍 todays-routes isRepeatJob function called with job: JSHandle@object
❌ todays-routes No repeat job detected
🔍 Repeat check for job: JSHandle@object
🔍 todays-routes isRepeatJob function called with job: JSHandle@object
❌ todays-routes No repeat job detected
🔍 Repeat check for job: JSHandle@object
🔍 todays-routes isRepeatJob function called with job: JSHandle@object
❌ todays-routes No repeat job detected
🔍 Repeat check for job: JSHandle@object
🔍 todays-routes isRepeatJob function called with job: JSHandle@object
❌ todays-routes No repeat job detected
🔍 Repeat check for job: JSHandle@object
🔍 todays-routes isRepeatJob function called with job: JSHandle@object
❌ todays-routes No repeat job detected
🔍 Repeat check for job: JSHandle@object
🔍 todays-routes isRepeatJob function called with job: JSHandle@object
❌ todays-routes No repeat job detected
🔍 Repeat check for job: JSHandle@object
🔍 todays-routes isRepeatJob function called with job: JSHandle@object
❌ todays-routes No repeat job detected
🔍 Repeat check for job: JSHandle@object
🔍 todays-routes isRepeatJob function called with job: JSHandle@object
❌ todays-routes No repeat job detected
🔍 Repeat check for job: JSHandle@object
🔍 todays-routes isRepeatJob function called with job: JSHandle@object
❌ todays-routes No repeat job detected
🔍 Repeat check for job: JSHandle@object
🔍 todays-routes isRepeatJob function called with job: JSHandle@object
❌ todays-routes No repeat job detected
🔍 Repeat check for job: JSHandle@object
🔍 todays-routes isRepeatJob function called with job: JSHandle@object
❌ todays-routes No repeat job detected
🔍 Repeat check for job: JSHandle@object
🔍 todays-routes isRepeatJob function called with job: JSHandle@object
❌ todays-routes No repeat job detected
🔍 Repeat check for job: JSHandle@object
🔍 todays-routes isRepeatJob function called with job: JSHandle@object
❌ todays-routes No repeat job detected
🔍 Repeat check for job: JSHandle@object
🔍 todays-routes isRepeatJob function called with job: JSHandle@object
❌ todays-routes No repeat job detected
🔍 Repeat check for job: JSHandle@object
🔍 todays-routes isRepeatJob function called with job: JSHandle@object
❌ todays-routes No repeat job detected
🔍 Repeat check for job: JSHandle@object
🔍 todays-routes isRepeatJob function called with job: JSHandle@object
❌ todays-routes No repeat job detected
🔍 Repeat check for job: JSHandle@object
🔍 todays-routes isRepeatJob function called with job: JSHandle@object
❌ todays-routes No repeat job detected
🔍 Repeat check for job: JSHandle@object
🔍 todays-routes isRepeatJob function called with job: JSHandle@object
❌ todays-routes No repeat job detected
🔍 Repeat check for job: JSHandle@object
🔍 todays-routes isRepeatJob function called with job: JSHandle@object
❌ todays-routes No repeat job detected
🔍 Repeat check for job: JSHandle@object
🔍 todays-routes isRepeatJob function called with job: JSHandle@object
❌ todays-routes No repeat job detected
🔍 Repeat check for job: JSHandle@object
🔍 todays-routes isRepeatJob function called with job: JSHandle@object
❌ todays-routes No repeat job detected
🔍 Repeat check for job: JSHandle@object
🔍 todays-routes isRepeatJob function called with job: JSHandle@object
❌ todays-routes No repeat job detected
🔍 Repeat check for job: JSHandle@object
🔍 todays-routes isRepeatJob function called with job: JSHandle@object
❌ todays-routes No repeat job detected
🔍 Repeat check for job: JSHandle@object
🔍 todays-routes isRepeatJob function called with job: JSHandle@object
❌ todays-routes No repeat job detected
🔍 Repeat check for job: JSHandle@object
🔍 todays-routes isRepeatJob function called with job: JSHandle@object
❌ todays-routes No repeat job detected
🔍 Repeat check for job: JSHandle@object
🔍 todays-routes isRepeatJob function called with job: JSHandle@object
❌ todays-routes No repeat job detected
🔍 Repeat check for job: JSHandle@object
🔍 todays-routes isRepeatJob function called with job: JSHandle@object
❌ todays-routes No repeat job detected
🔍 Repeat check for job: JSHandle@object
🔍 todays-routes isRepeatJob function called with job: JSHandle@object
❌ todays-routes No repeat job detected
🔍 Repeat check for job: JSHandle@object
🔍 todays-routes isRepeatJob function called with job: JSHandle@object
❌ todays-routes No repeat job detected
🔍 Repeat check for job: JSHandle@object
🔍 todays-routes isRepeatJob function called with job: JSHandle@object
❌ todays-routes No repeat job detected
🔍 Repeat check for job: JSHandle@object
🔍 todays-routes isRepeatJob function called with job: JSHandle@object
❌ todays-routes No repeat job detected
🔍 Repeat check for job: JSHandle@object
🔍 todays-routes isRepeatJob function called with job: JSHandle@object
❌ todays-routes No repeat job detected
🔍 Repeat check for job: JSHandle@object
🔍 todays-routes isRepeatJob function called with job: JSHandle@object
❌ todays-routes No repeat job detected
🔍 Repeat check for job: JSHandle@object
🔍 todays-routes isRepeatJob function called with job: JSHandle@object
❌ todays-routes No repeat job detected
🔍 Repeat check for job: JSHandle@object
🔍 todays-routes isRepeatJob function called with job: JSHandle@object
❌ todays-routes No repeat job detected
🔍 Repeat check for job: JSHandle@object
🔍 todays-routes isRepeatJob function called with job: JSHandle@object
❌ todays-routes No repeat job detected
🔍 Repeat check for job: JSHandle@object
🔍 todays-routes isRepeatJob function called with job: JSHandle@object
❌ todays-routes No repeat job detected
🔍 Repeat check for job: JSHandle@object
📊 Firestore query returned 0 documents
📊 Mapped archives: 0
📊 Unique status values in archives: JSHandle@array
📊 Unique status values in jobData: JSHandle@array
📊 Archives with status field: 0 without status field: 0
🔍 Applying dateFrom filter: 2025-11-30 (start of day)
📊 After dateFrom filter: 0 documents remain
🔍 Applying dateTo filter: 2025-11-30
📊 After dateTo filter: 0 documents remain
✅ Returning result: JSHandle@object
🔍 UNIFIED: COORDINATE SYNC CHECK: JSHandle@object
🔍 UNIFIED: COORDINATE SYNC CHECK: JSHandle@object
🔥 IMPORT LOG MODAL - Not loading: JSHandle@object
🔥 ALTICE REPEATS - useEffect: Modal state changed, isOpen: false
🔥 ALTICE REPEATS - useEffect: Modal closed, resetting all state
🔍 Techs loaded (initial): 25
🔍 Techs loaded (initial): 25
🔍 Techs updated (real-time): 25
🔍 Jobs loaded (initial): JSHandle@object
🔍 Jobs loaded (initial): JSHandle@object
🔍 Jobs loaded (initial): JSHandle@object
🔍 Jobs loaded (initial): JSHandle@object
🔍 Jobs updated (real-time): JSHandle@object
Map moved, center: JSHandle@object zoom: 11
Map moved, center: JSHandle@object zoom: 11
🔍 UNIFIED: COORDINATE SYNC CHECK: JSHandle@object
🔍 UNIFIED: COORDINATE SYNC CHECK: JSHandle@object
[2025-12-04T01:21:30.794Z]  @firebase/firestore: Firestore (10.14.1): Uncaught Error in snapshot listener: FirebaseError: [code=permission-denied]: Missing or insufficient permissions.
[2025-12-04T01:21:30.797Z]  @firebase/firestore: Firestore (10.14.1): Uncaught Error in snapshot listener: FirebaseError: [code=failed-precondition]: The query requires an index. You can create it here: https://console.firebase.google.com/v1/r/project/workforce-app-3cecc/firestore/indexes?create_composite=ClBwcm9qZWN0cy93b3JrZm9yY2UtYXBwLTNjZWNjL2RhdGFiYXNlcy8oZGVmYXVsdCkvY29sbGVjdGlvbkdyb3Vwcy9qb2JzL2luZGV4ZXMvXxABGhAKDHNjaGVkdWxlRGF0ZRABGgwKCGFyY2hpdmVkEAEaDAoIX19uYW1lX18QAQ
Error loading jobs: JSHandle@error
Error in real-time jobs query: JSHandle@error
Error loading jobs: JSHandle@error
🔍 Techs loaded (initial): 25
🔍 Techs loaded (initial): 25
🔍 Techs updated (real-time): 25
🔍 Jobs loaded (initial): JSHandle@object
🔍 Jobs updated (real-time): JSHandle@object
🔍 Jobs updated (real-time): JSHandle@object
[2025-12-04T01:21:32.103Z]  @firebase/firestore: Firestore (10.14.1): Uncaught Error in snapshot listener: FirebaseError: [code=failed-precondition]: The query requires an index. You can create it here: https://console.firebase.google.com/v1/r/project/workforce-app-3cecc/firestore/indexes?create_composite=ClBwcm9qZWN0cy93b3JrZm9yY2UtYXBwLTNjZWNjL2RhdGFiYXNlcy8oZGVmYXVsdCkvY29sbGVjdGlvbkdyb3Vwcy9qb2JzL2luZGV4ZXMvXxABGhAKDHNjaGVkdWxlRGF0ZRABGgwKCGFyY2hpdmVkEAEaDAoIX19uYW1lX18QAQ
Error loading jobs: JSHandle@error
🔍 Jobs loaded (initial): JSHandle@object
Map loaded
🗺️ MapTilerMap: Updating markers with 0 jobs
🗺️ MapTilerMap: First job details: No jobs
Sample tech job: 
Current map center: JSHandle@object
Current map zoom: 11
Map is idle and ready for markers
Map moved, center: JSHandle@object zoom: 11
Map is idle and ready for markers
Map is idle and ready for markers
Map moved, center: JSHandle@object zoom: 11.757060940340768
Map is idle and ready for markers
Map is idle and ready for markers
Map moved, center: JSHandle@object zoom: 11.757060940340768
Map is idle and ready for markers
Map is idle and ready for markers
Map moved, center: JSHandle@object zoom: 11.302824376136309
Map is idle and ready for markers
Map is idle and ready for markers
[Map.setStyle]: Invalid style. A style must be a valid URL to a style.json, a JSON string representing a valid StyleSpecification or a valid StyleSpecification object. Keeping the curent style instead.
[webglcontextlost] WebGL context lost after map removal. This is harmless.
🔍 UNIFIED: COORDINATE SYNC CHECK: JSHandle@object
🔍 UNIFIED: COORDINATE SYNC CHECK: JSHandle@object
🔥 IMPORT LOG MODAL - Not loading: JSHandle@object
🔥 ALTICE REPEATS - useEffect: Modal state changed, isOpen: false
🔥 ALTICE REPEATS - useEffect: Modal closed, resetting all state
🔍 Techs loaded (initial): 25
🔍 Techs loaded (initial): 25
🔍 Techs updated (real-time): 25
🔍 Jobs loaded (initial): JSHandle@object
🔍 Jobs loaded (initial): JSHandle@object
🔍 Jobs loaded (initial): JSHandle@object
🔍 Jobs loaded (initial): JSHandle@object
🔍 Jobs updated (real-time): JSHandle@object
🔍 UNIFIED: COORDINATE SYNC CHECK: JSHandle@object
🔍 UNIFIED: COORDINATE SYNC CHECK: JSHandle@object
🔥 IMPORT LOG MODAL - Not loading: JSHandle@object
🔥 ALTICE REPEATS - useEffect: Modal state changed, isOpen: false
🔥 ALTICE REPEATS - useEffect: Modal closed, resetting all state
🔍 Techs loaded (initial): 25
🔍 Techs loaded (initial): 25
🔍 Techs updated (real-time): 25
🔍 Jobs loaded (initial): JSHandle@object
🔍 Jobs loaded (initial): JSHandle@object
🔍 Jobs loaded (initial): JSHandle@object
🔍 Jobs loaded (initial): JSHandle@object
🔍 Jobs updated (real-time): JSHandle@object
🔍 UNIFIED: COORDINATE SYNC CHECK: JSHandle@object
🔍 UNIFIED: COORDINATE SYNC CHECK: JSHandle@object
🔥 IMPORT LOG MODAL - Not loading: JSHandle@object
🔥 ALTICE REPEATS - useEffect: Modal state changed, isOpen: false
🔥 ALTICE REPEATS - useEffect: Modal closed, resetting all state
🔍 Techs loaded (initial): 25
🔍 Techs loaded (initial): 25
🔍 Techs updated (real-time): 25
🔍 Jobs loaded (initial): JSHandle@object
🔍 Jobs loaded (initial): JSHandle@object
🔍 Jobs loaded (initial): JSHandle@object
🔍 Jobs loaded (initial): JSHandle@object
🔍 Jobs updated (real-time): JSHandle@object
Map moved, center: JSHandle@object zoom: 11
Map moved, center: JSHandle@object zoom: 11
🔍 UNIFIED: COORDINATE SYNC CHECK: JSHandle@object
🔍 UNIFIED: COORDINATE SYNC CHECK: JSHandle@object
[2025-12-04T01:21:45.350Z]  @firebase/firestore: Firestore (10.14.1): Uncaught Error in snapshot listener: FirebaseError: [code=permission-denied]: Missing or insufficient permissions.
Error in real-time jobs query: JSHandle@error
[2025-12-04T01:21:45.353Z]  @firebase/firestore: Firestore (10.14.1): Uncaught Error in snapshot listener: FirebaseError: [code=failed-precondition]: The query requires an index. You can create it here: https://console.firebase.google.com/v1/r/project/workforce-app-3cecc/firestore/indexes?create_composite=ClBwcm9qZWN0cy93b3JrZm9yY2UtYXBwLTNjZWNjL2RhdGFiYXNlcy8oZGVmYXVsdCkvY29sbGVjdGlvbkdyb3Vwcy9qb2JzL2luZGV4ZXMvXxABGhAKDHNjaGVkdWxlRGF0ZRABGgwKCGFyY2hpdmVkEAEaDAoIX19uYW1lX18QAQ
Error loading jobs: JSHandle@error
Error loading jobs: JSHandle@error
Map loaded
🗺️ MapTilerMap: Updating markers with 0 jobs
🗺️ MapTilerMap: First job details: No jobs
Sample tech job: 
Current map center: JSHandle@object
Current map zoom: 11
Map is idle and ready for markers
🔍 Techs loaded (initial): 25
🔍 Techs loaded (initial): 25
🔍 Techs updated (real-time): 25
🔍 Jobs loaded (initial): JSHandle@object
🔍 Jobs updated (real-time): JSHandle@object
🗺️ MapTilerMap: Updating markers with 0 jobs
🗺️ MapTilerMap: First job details: No jobs
Sample tech job: 
Current map center: JSHandle@object
Current map zoom: 11
🔍 Jobs updated (real-time): JSHandle@object
[2025-12-04T01:21:46.896Z]  @firebase/firestore: Firestore (10.14.1): Uncaught Error in snapshot listener: FirebaseError: [code=failed-precondition]: The query requires an index. You can create it here: https://console.firebase.google.com/v1/r/project/workforce-app-3cecc/firestore/indexes?create_composite=ClBwcm9qZWN0cy93b3JrZm9yY2UtYXBwLTNjZWNjL2RhdGFiYXNlcy8oZGVmYXVsdCkvY29sbGVjdGlvbkdyb3Vwcy9qb2JzL2luZGV4ZXMvXxABGhAKDHNjaGVkdWxlRGF0ZRABGgwKCGFyY2hpdmVkEAEaDAoIX19uYW1lX18QAQ
Error loading jobs: JSHandle@error
🔍 Jobs loaded (initial): JSHandle@object
Map moved, center: JSHandle@object zoom: 11
Map is idle and ready for markers
Map is idle and ready for markers
Map moved, center: JSHandle@object zoom: 11.302824376136307
Map is idle and ready for markers
Map is idle and ready for markers
[Map.setStyle]: Invalid style. A style must be a valid URL to a style.json, a JSON string representing a valid StyleSpecification or a valid StyleSpecification object. Keeping the curent style instead.
[webglcontextlost] WebGL context lost after map removal. This is harmless.
🔍 UNIFIED: COORDINATE SYNC CHECK: JSHandle@object
🔍 UNIFIED: COORDINATE SYNC CHECK: JSHandle@object
🔥 IMPORT LOG MODAL - Not loading: JSHandle@object
🔥 ALTICE REPEATS - useEffect: Modal state changed, isOpen: false
🔥 ALTICE REPEATS - useEffect: Modal closed, resetting all state
🔍 Techs loaded (initial): 25
🔍 Techs loaded (initial): 25
🔍 Techs updated (real-time): 25
🔍 Jobs loaded (initial): JSHandle@object
🔍 Jobs loaded (initial): JSHandle@object
🔍 Jobs loaded (initial): JSHandle@object
🔍 Jobs loaded (initial): JSHandle@object
🔍 Jobs updated (real-time): JSHandle@object
🔥 IMPORT LOG MODAL - Setting up listener for company: JEIbrP1ffnbMcequo1Oqk1WWslA2
🔥 IMPORT LOG MODAL - Snapshot received: 50 docs
🔥 IMPORT LOG MODAL - Snapshot empty? false
🔥 IMPORT LOG DATA for doc 3w405JUhE0zjPuPwL4Tj : JSHandle@object
🔥 IMPORT LOG DATA for doc BM9vRu8C4Q0IwAFxlG0J : JSHandle@object
🔥 IMPORT LOG DATA for doc thJT7b9kw3Uiy6ZJKGCj : JSHandle@object
🔥 IMPORT LOG DATA for doc rIT4oGax36NL0csuNzEL : JSHandle@object
🔥 IMPORT LOG DATA for doc hpMGrlU5erJH5ubWBBGO : JSHandle@object
🔥 IMPORT LOG DATA for doc MK6ilCEui3VjGTbTnc6R : JSHandle@object
🔥 IMPORT LOG DATA for doc mhowA8CDfK4YtDBmGgRc : JSHandle@object
🔥 IMPORT LOG DATA for doc Rz9oowuIkeU6OD3t8AEp : JSHandle@object
🔥 IMPORT LOG DATA for doc laUTzHMm64WbF15O4rIK : JSHandle@object
🔥 IMPORT LOG DATA for doc 7fSIPAT8GlCf3hpqrqH0 : JSHandle@object
🔥 IMPORT LOG DATA for doc eDQfuan7ujyEEnt80mci : JSHandle@object
🔥 IMPORT LOG DATA for doc mg147JWDqSAG4KfEiP32 : JSHandle@object
🔥 IMPORT LOG DATA for doc IBHiOvRuQXCtRya0bkdi : JSHandle@object
🔥 IMPORT LOG DATA for doc 3A5Z4bdQAh5Joddnj8A0 : JSHandle@object
🔥 IMPORT LOG DATA for doc Zqrwy6T9CCUG5Z7HM2to : JSHandle@object
🔥 IMPORT LOG DATA for doc ly4PkGdcRITB1iXHka03 : JSHandle@object
🔥 IMPORT LOG DATA for doc fDX5ixPka6HUIDLltrUv : JSHandle@object
🔥 IMPORT LOG DATA for doc zwaH8chmOwGXjoqjvNM4 : JSHandle@object
🔥 IMPORT LOG DATA for doc K1xPYXigMNgCUv89yhGy : JSHandle@object
🔥 IMPORT LOG DATA for doc FAu9HnMutPdzpvQTHnv9 : JSHandle@object
🔥 IMPORT LOG DATA for doc C33LFTILU2u92QVJ8BUQ : JSHandle@object
🔥 IMPORT LOG DATA for doc NWgJTDNHQ3RT6e4PaJU4 : JSHandle@object
🔥 IMPORT LOG DATA for doc 0LXXEliByRGjWCV9aJFE : JSHandle@object
🔥 IMPORT LOG DATA for doc uTkOgKp4PhLn6NZOvuMp : JSHandle@object
🔥 IMPORT LOG DATA for doc AJspHkIrEcP8YCAt0Ks3 : JSHandle@object
🔥 IMPORT LOG DATA for doc qeJEINQrLBk4Wv4ePwS4 : JSHandle@object
🔥 IMPORT LOG DATA for doc pExLHTf8GPrNwI2Frwc0 : JSHandle@object
🔥 IMPORT LOG DATA for doc CgU3tPaY3d6E7QHBUvaj : JSHandle@object
🔥 IMPORT LOG DATA for doc aw0DzsWAeSHGI132IXDw : JSHandle@object
🔥 IMPORT LOG DATA for doc izYqO7haaTTaiRqvA1CW : JSHandle@object
🔥 IMPORT LOG DATA for doc mYztrktGN5M6AzL0guj7 : JSHandle@object
🔥 IMPORT LOG DATA for doc 1ROOZbvrBmir7qxcxH2A : JSHandle@object
🔥 IMPORT LOG DATA for doc uHjc2RpuyUZ2p797rdv1 : JSHandle@object
🔥 IMPORT LOG DATA for doc ydQuiGgcWcgd15etfcQp : JSHandle@object
🔥 IMPORT LOG DATA for doc RMbisntCtubt5541X4SC : JSHandle@object
🔥 IMPORT LOG DATA for doc DQ5q6qnUAytj0Y9YTVhN : JSHandle@object
🔥 IMPORT LOG DATA for doc yF3wWjYi4igLnPnEei1F : JSHandle@object
🔥 IMPORT LOG DATA for doc pAlLo1NWDD6WeQtSIPP9 : JSHandle@object
🔥 IMPORT LOG DATA for doc RoZZoJcupHhzAPbOUU53 : JSHandle@object
🔥 IMPORT LOG DATA for doc gRuLFlGxw3lIjuo8WvmN : JSHandle@object
🔥 IMPORT LOG DATA for doc HkByGXbiybLMztHKky5K : JSHandle@object
🔥 IMPORT LOG DATA for doc T8CyKjfn217RcclYCauk : JSHandle@object
🔥 IMPORT LOG DATA for doc 5lpprQRQ5Gffp2ew6FHa : JSHandle@object
🔥 IMPORT LOG DATA for doc bYjpt7lTAC4T5rpxLTTD : JSHandle@object
🔥 IMPORT LOG DATA for doc 6wewGfVNbtre0ZVI8MxG : JSHandle@object
🔥 IMPORT LOG DATA for doc uRoxyOg9q4KVKj018XdU : JSHandle@object
🔥 IMPORT LOG DATA for doc qGaJ0iINLDicpBOewqLr : JSHandle@object
🔥 IMPORT LOG DATA for doc xRWSRLpPhsn0jzHKD2u8 : JSHandle@object
🔥 IMPORT LOG DATA for doc tbIV5kZsWa1t9OyUD72Z : JSHandle@object
🔥 IMPORT LOG DATA for doc FYoiJZ9ePqA5H6YXYMSX : JSHandle@object
🔥 PROCESSED IMPORT LOGS: JSHandle@array
🔥 IMPORT LOG MODAL - Not loading: JSHandle@object
🔥 ALTICE REPEATS - useEffect: Modal state changed, isOpen: true
🔥 ALTICE REPEATS - useEffect: Modal opened
[8:22:13 PM] Modal opened
🔥 ALTICE REPEATS - useEffect: Modal state changed, isOpen: false
🔥 ALTICE REPEATS - useEffect: Modal closed, resetting all state
🔥 ALTICE REPEATS - useEffect: Modal state changed, isOpen: true
🔥 ALTICE REPEATS - useEffect: Modal opened
[8:22:16 PM] Modal opened
🔥 ALTICE REPEATS - useEffect: Modal state changed, isOpen: false
🔥 ALTICE REPEATS - useEffect: Modal closed, resetting all state
